2025-02-02 12:52:54 [AWT-EventQueue-0] INFO  auction.proxies.UserServiceProxy - Sending request to server: {"action":"SIGN-IN","name":"Admin","password":"Admin@123","id":"ebae1820-e61c-4c02-9542-3959084d872c"}
2025-02-02 12:52:54 [AWT-EventQueue-0] INFO  auction.proxies.UserServiceProxy - Received response from server: {"status":"SUCCESS","message":"Optional[ebae1820-e61c-4c02-9542-3959084d872c]","data":{"MULTICAST_ADDRESS":"230.0.0.1"}}
2025-02-02 12:52:54 [AWT-EventQueue-0] INFO  auction.views.panels.SignIn - Logged in user
2025-02-02 12:52:56 [AWT-EventQueue-0] INFO  auction.services.MulticastService - Trying to connect to multicast group at 230.0.0.1:5000
2025-02-02 12:52:56 [AWT-EventQueue-0] INFO  auction.services.MulticastService - Network interface found: Intel(R) Dual Band Wireless-AC 3168
2025-02-02 12:52:56 [AWT-EventQueue-0] INFO  auction.services.MulticastService - Connection to multicast group 230.0.0.1:5000 succeeded.
2025-02-02 12:52:56 [AWT-EventQueue-0] INFO  auction.services.MulticastService - Sending message: {"status":"CLIENT_CONNECTED"}
2025-02-02 12:52:56 [Thread-1] INFO  auction.services.MulticastService - Waiting for multicast message...
2025-02-02 12:52:56 [Thread-1] INFO  auction.services.MulticastService - Message received: {"status":"CLIENT_CONNECTED"}
2025-02-02 12:52:56 [Thread-1] INFO  auction.services.MulticastService - Waiting for multicast message...
2025-02-02 12:52:56 [Thread-0] INFO  a.dispatchers.MessageDispatcher - Dispatching message: {"status":"CLIENT_CONNECTED"}
2025-02-02 12:52:56 [Thread-0] INFO  a.dispatchers.MessageDispatcher - Extracted message type: CLIENT_CONNECTED
2025-02-02 12:52:56 [Thread-0] WARN  a.dispatchers.MessageDispatcher - No handler found for message type: CLIENT_CONNECTED
2025-02-02 12:53:00 [Thread-1] INFO  auction.services.MulticastService - Message received: {"status":"AUCTION-STARTED","message":"The auction has started!","data":{"item":{"id":"9b64ae82-b503-49ec-9098-8c3593c6ac56","data":{"title":"Apple Watch Series 10","description":"Relógio inteligente da Apple com monitoramento de saúde avançado","bidIncrement":120.0,"reservePrice":1200.0,"auctionDuration":7200.000000000,"itemImage":"/views/products/imProduct03.png"},"currentBid":0.0,"openingBid":0.0,"status":"CREATED","auctionStart":null,"auctionEnd":null,"winningBidder":null},"bids":[]}}
2025-02-02 12:53:00 [Thread-1] INFO  auction.services.MulticastService - Waiting for multicast message...
2025-02-02 12:53:00 [Thread-0] INFO  a.dispatchers.MessageDispatcher - Dispatching message: {"status":"AUCTION-STARTED","message":"The auction has started!","data":{"item":{"id":"9b64ae82-b503-49ec-9098-8c3593c6ac56","data":{"title":"Apple Watch Series 10","description":"Relógio inteligente da Apple com monitoramento de saúde avançado","bidIncrement":120.0,"reservePrice":1200.0,"auctionDuration":7200.000000000,"itemImage":"/views/products/imProduct03.png"},"currentBid":0.0,"openingBid":0.0,"status":"CREATED","auctionStart":null,"auctionEnd":null,"winningBidder":null},"bids":[]}}
2025-02-02 12:53:00 [Thread-0] INFO  a.dispatchers.MessageDispatcher - Extracted message type: AUCTION-STARTED
2025-02-02 12:53:00 [Thread-0] INFO  auction.handlers.AuctionStarted - Processing auction start message: {"status":"AUCTION-STARTED","message":"The auction has started!","data":{"item":{"id":"9b64ae82-b503-49ec-9098-8c3593c6ac56","data":{"title":"Apple Watch Series 10","description":"Relógio inteligente da Apple com monitoramento de saúde avançado","bidIncrement":120.0,"reservePrice":1200.0,"auctionDuration":7200.000000000,"itemImage":"/views/products/imProduct03.png"},"currentBid":0.0,"openingBid":0.0,"status":"CREATED","auctionStart":null,"auctionEnd":null,"winningBidder":null},"bids":[]}}
2025-02-02 12:53:00 [Thread-1] INFO  auction.services.MulticastService - Message received: {"id":"9b64ae82-b503-49ec-9098-8c3593c6ac56","data":{"title":"Apple Watch Series 10","description":"Relógio inteligente da Apple com monitoramento de saúde avançado","bidIncrement":120.0,"reservePrice":1200.0,"auctionDuration":7200.000000000,"itemImage":"/views/products/imProduct03.png"},"currentBid":0.0,"openingBid":0.0,"status":"CREATED","auctionStart":null,"auctionEnd":null,"winningBidder":null}
2025-02-02 12:53:00 [Thread-1] INFO  auction.services.MulticastService - Waiting for multicast message...
2025-02-02 12:53:00 [Thread-1] INFO  auction.services.MulticastService - Message received: {"status":"TIME-UPDATE","message":"Time updating","data":{"timeLeft":7199}}
2025-02-02 12:53:00 [Thread-1] INFO  auction.services.MulticastService - Waiting for multicast message...
2025-02-02 12:53:00 [Thread-0] INFO  auction.repositories.ItemRepository - Current item updated: auction.models.Item@67de0347
2025-02-02 12:53:00 [Thread-0] WARN  a.repositories.BiddingRepository - Attempted to add bids with invalid parameters. ItemId: 9b64ae82-b503-49ec-9098-8c3593c6ac56, Bids: []
2025-02-02 12:53:01 [Thread-0] INFO  a.dispatchers.MessageDispatcher - Dispatching message: {"id":"9b64ae82-b503-49ec-9098-8c3593c6ac56","data":{"title":"Apple Watch Series 10","description":"Relógio inteligente da Apple com monitoramento de saúde avançado","bidIncrement":120.0,"reservePrice":1200.0,"auctionDuration":7200.000000000,"itemImage":"/views/products/imProduct03.png"},"currentBid":0.0,"openingBid":0.0,"status":"CREATED","auctionStart":null,"auctionEnd":null,"winningBidder":null}
2025-02-02 12:53:01 [Thread-0] INFO  a.dispatchers.MessageDispatcher - Extracted message type: CREATED
2025-02-02 12:53:01 [Thread-0] WARN  a.dispatchers.MessageDispatcher - No handler found for message type: CREATED
2025-02-02 12:53:01 [Thread-0] INFO  a.dispatchers.MessageDispatcher - Dispatching message: {"status":"TIME-UPDATE","message":"Time updating","data":{"timeLeft":7199}}
2025-02-02 12:53:01 [Thread-0] INFO  a.dispatchers.MessageDispatcher - Extracted message type: TIME-UPDATE
2025-02-02 12:53:01 [Thread-0] INFO  auction.handlers.TimeUpdate - Processing time update message: {"status":"TIME-UPDATE","message":"Time updating","data":{"timeLeft":7199}}
2025-02-02 12:53:01 [Thread-1] INFO  auction.services.MulticastService - Message received: {"status":"TIME-UPDATE","message":"Time updating","data":{"timeLeft":7198}}
2025-02-02 12:53:01 [Thread-1] INFO  auction.services.MulticastService - Waiting for multicast message...
2025-02-02 12:53:01 [Thread-0] INFO  a.dispatchers.MessageDispatcher - Dispatching message: {"status":"TIME-UPDATE","message":"Time updating","data":{"timeLeft":7198}}
2025-02-02 12:53:01 [Thread-0] INFO  a.dispatchers.MessageDispatcher - Extracted message type: TIME-UPDATE
2025-02-02 12:53:01 [Thread-0] INFO  auction.handlers.TimeUpdate - Processing time update message: {"status":"TIME-UPDATE","message":"Time updating","data":{"timeLeft":7198}}
2025-02-02 12:53:02 [Thread-1] INFO  auction.services.MulticastService - Message received: {"status":"TIME-UPDATE","message":"Time updating","data":{"timeLeft":7197}}
2025-02-02 12:53:02 [Thread-1] INFO  auction.services.MulticastService - Waiting for multicast message...
2025-02-02 12:53:02 [Thread-0] INFO  a.dispatchers.MessageDispatcher - Dispatching message: {"status":"TIME-UPDATE","message":"Time updating","data":{"timeLeft":7197}}
2025-02-02 12:53:02 [Thread-0] INFO  a.dispatchers.MessageDispatcher - Extracted message type: TIME-UPDATE
2025-02-02 12:53:02 [Thread-0] INFO  auction.handlers.TimeUpdate - Processing time update message: {"status":"TIME-UPDATE","message":"Time updating","data":{"timeLeft":7197}}
2025-02-02 12:53:03 [Thread-1] INFO  auction.services.MulticastService - Message received: {"status":"TIME-UPDATE","message":"Time updating","data":{"timeLeft":7196}}
2025-02-02 12:53:03 [Thread-1] INFO  auction.services.MulticastService - Waiting for multicast message...
2025-02-02 12:53:03 [Thread-0] INFO  a.dispatchers.MessageDispatcher - Dispatching message: {"status":"TIME-UPDATE","message":"Time updating","data":{"timeLeft":7196}}
2025-02-02 12:53:03 [Thread-0] INFO  a.dispatchers.MessageDispatcher - Extracted message type: TIME-UPDATE
2025-02-02 12:53:03 [Thread-0] INFO  auction.handlers.TimeUpdate - Processing time update message: {"status":"TIME-UPDATE","message":"Time updating","data":{"timeLeft":7196}}
2025-02-02 12:53:04 [Thread-1] INFO  auction.services.MulticastService - Message received: {"status":"TIME-UPDATE","message":"Time updating","data":{"timeLeft":7195}}
2025-02-02 12:53:04 [Thread-1] INFO  auction.services.MulticastService - Waiting for multicast message...
2025-02-02 12:53:04 [Thread-0] INFO  a.dispatchers.MessageDispatcher - Dispatching message: {"status":"TIME-UPDATE","message":"Time updating","data":{"timeLeft":7195}}
2025-02-02 12:53:04 [Thread-0] INFO  a.dispatchers.MessageDispatcher - Extracted message type: TIME-UPDATE
2025-02-02 12:53:04 [Thread-0] INFO  auction.handlers.TimeUpdate - Processing time update message: {"status":"TIME-UPDATE","message":"Time updating","data":{"timeLeft":7195}}
2025-02-02 12:53:05 [Thread-1] INFO  auction.services.MulticastService - Message received: {"status":"TIME-UPDATE","message":"Time updating","data":{"timeLeft":7194}}
2025-02-02 12:53:05 [Thread-1] INFO  auction.services.MulticastService - Waiting for multicast message...
2025-02-02 12:53:05 [Thread-0] INFO  a.dispatchers.MessageDispatcher - Dispatching message: {"status":"TIME-UPDATE","message":"Time updating","data":{"timeLeft":7194}}
2025-02-02 12:53:05 [Thread-0] INFO  a.dispatchers.MessageDispatcher - Extracted message type: TIME-UPDATE
2025-02-02 12:53:05 [Thread-0] INFO  auction.handlers.TimeUpdate - Processing time update message: {"status":"TIME-UPDATE","message":"Time updating","data":{"timeLeft":7194}}
2025-02-02 12:53:06 [Thread-1] INFO  auction.services.MulticastService - Message received: {"status":"TIME-UPDATE","message":"Time updating","data":{"timeLeft":7193}}
2025-02-02 12:53:06 [Thread-1] INFO  auction.services.MulticastService - Waiting for multicast message...
2025-02-02 12:53:06 [Thread-0] INFO  a.dispatchers.MessageDispatcher - Dispatching message: {"status":"TIME-UPDATE","message":"Time updating","data":{"timeLeft":7193}}
2025-02-02 12:53:06 [Thread-0] INFO  a.dispatchers.MessageDispatcher - Extracted message type: TIME-UPDATE
2025-02-02 12:53:06 [Thread-0] INFO  auction.handlers.TimeUpdate - Processing time update message: {"status":"TIME-UPDATE","message":"Time updating","data":{"timeLeft":7193}}
2025-02-02 12:53:07 [Thread-1] INFO  auction.services.MulticastService - Message received: {"status":"TIME-UPDATE","message":"Time updating","data":{"timeLeft":7192}}
2025-02-02 12:53:07 [Thread-1] INFO  auction.services.MulticastService - Waiting for multicast message...
2025-02-02 12:53:07 [Thread-0] INFO  a.dispatchers.MessageDispatcher - Dispatching message: {"status":"TIME-UPDATE","message":"Time updating","data":{"timeLeft":7192}}
2025-02-02 12:53:07 [Thread-0] INFO  a.dispatchers.MessageDispatcher - Extracted message type: TIME-UPDATE
2025-02-02 12:53:07 [Thread-0] INFO  auction.handlers.TimeUpdate - Processing time update message: {"status":"TIME-UPDATE","message":"Time updating","data":{"timeLeft":7192}}
2025-02-02 12:53:08 [AWT-EventQueue-0] INFO  auction.services.MulticastService - Sending serialized object as JSON: {"status":"NEW-BID","message":"User placed a new bid","data":{"itemId":"9b64ae82-b503-49ec-9098-8c3593c6ac56","bid":{"id":"eddfd17c-eb65-4415-9841-a0b1e90dff5e","itemId":"9b64ae82-b503-49ec-9098-8c3593c6ac56","bidderId":"ebae1820-e61c-4c02-9542-3959084d872c","bidderName":"Admin","amount":120.0,"timestamp":1738511588.048372900}}}
2025-02-02 12:53:08 [Thread-1] INFO  auction.services.MulticastService - Message received: {"status":"NEW-BID","message":"User placed a new bid","data":{"itemId":"9b64ae82-b503-49ec-9098-8c3593c6ac56","bid":{"id":"eddfd17c-eb65-4415-9841-a0b1e90dff5e","itemId":"9b64ae82-b503-49ec-9098-8c3593c6ac56","bidderId":"ebae1820-e61c-4c02-9542-3959084d872c","bidderName":"Admin","amount":120.0,"timestamp":1738511588.048372900}}}
2025-02-02 12:53:08 [Thread-1] INFO  auction.services.MulticastService - Waiting for multicast message...
2025-02-02 12:53:08 [Thread-0] INFO  a.dispatchers.MessageDispatcher - Dispatching message: {"status":"NEW-BID","message":"User placed a new bid","data":{"itemId":"9b64ae82-b503-49ec-9098-8c3593c6ac56","bid":{"id":"eddfd17c-eb65-4415-9841-a0b1e90dff5e","itemId":"9b64ae82-b503-49ec-9098-8c3593c6ac56","bidderId":"ebae1820-e61c-4c02-9542-3959084d872c","bidderName":"Admin","amount":120.0,"timestamp":1738511588.048372900}}}
2025-02-02 12:53:08 [Thread-0] INFO  a.dispatchers.MessageDispatcher - Extracted message type: NEW-BID
2025-02-02 12:53:08 [Thread-0] INFO  auction.handlers.PlaceBid - Processing place bid message: {"status":"NEW-BID","message":"User placed a new bid","data":{"itemId":"9b64ae82-b503-49ec-9098-8c3593c6ac56","bid":{"id":"eddfd17c-eb65-4415-9841-a0b1e90dff5e","itemId":"9b64ae82-b503-49ec-9098-8c3593c6ac56","bidderId":"ebae1820-e61c-4c02-9542-3959084d872c","bidderName":"Admin","amount":120.0,"timestamp":1738511588.048372900}}}
2025-02-02 12:53:08 [Thread-0] INFO  a.repositories.BiddingRepository - New bid added for item 9b64ae82-b503-49ec-9098-8c3593c6ac56: 120.0
2025-02-02 12:53:08 [Thread-0] INFO  auction.services.AuctionService - Current bid updated to 120.0
2025-02-02 12:53:08 [Thread-0] DEBUG auction.services.AuctionService - Your bid has been successfully registered.
2025-02-02 12:53:08 [Thread-1] INFO  auction.services.MulticastService - Message received: {"status":"TIME-UPDATE","message":"Time updating","data":{"timeLeft":7191}}
2025-02-02 12:53:08 [Thread-1] INFO  auction.services.MulticastService - Waiting for multicast message...
2025-02-02 12:53:08 [Thread-0] INFO  a.dispatchers.MessageDispatcher - Dispatching message: {"status":"TIME-UPDATE","message":"Time updating","data":{"timeLeft":7191}}
2025-02-02 12:53:08 [Thread-0] INFO  a.dispatchers.MessageDispatcher - Extracted message type: TIME-UPDATE
2025-02-02 12:53:08 [Thread-0] INFO  auction.handlers.TimeUpdate - Processing time update message: {"status":"TIME-UPDATE","message":"Time updating","data":{"timeLeft":7191}}
2025-02-02 12:53:09 [Thread-1] INFO  auction.services.MulticastService - Message received: {"status":"TIME-UPDATE","message":"Time updating","data":{"timeLeft":7190}}
2025-02-02 12:53:09 [Thread-1] INFO  auction.services.MulticastService - Waiting for multicast message...
2025-02-02 12:53:09 [Thread-0] INFO  a.dispatchers.MessageDispatcher - Dispatching message: {"status":"TIME-UPDATE","message":"Time updating","data":{"timeLeft":7190}}
2025-02-02 12:53:09 [Thread-0] INFO  a.dispatchers.MessageDispatcher - Extracted message type: TIME-UPDATE
2025-02-02 12:53:09 [Thread-0] INFO  auction.handlers.TimeUpdate - Processing time update message: {"status":"TIME-UPDATE","message":"Time updating","data":{"timeLeft":7190}}
2025-02-02 12:53:10 [Thread-1] INFO  auction.services.MulticastService - Message received: {"status":"TIME-UPDATE","message":"Time updating","data":{"timeLeft":7189}}
2025-02-02 12:53:10 [Thread-1] INFO  auction.services.MulticastService - Waiting for multicast message...
2025-02-02 12:53:10 [Thread-0] INFO  a.dispatchers.MessageDispatcher - Dispatching message: {"status":"TIME-UPDATE","message":"Time updating","data":{"timeLeft":7189}}
2025-02-02 12:53:10 [Thread-0] INFO  a.dispatchers.MessageDispatcher - Extracted message type: TIME-UPDATE
2025-02-02 12:53:10 [Thread-0] INFO  auction.handlers.TimeUpdate - Processing time update message: {"status":"TIME-UPDATE","message":"Time updating","data":{"timeLeft":7189}}
2025-02-02 12:53:11 [Thread-1] INFO  auction.services.MulticastService - Message received: {"status":"TIME-UPDATE","message":"Time updating","data":{"timeLeft":7188}}
2025-02-02 12:53:11 [Thread-1] INFO  auction.services.MulticastService - Waiting for multicast message...
2025-02-02 12:53:11 [Thread-0] INFO  a.dispatchers.MessageDispatcher - Dispatching message: {"status":"TIME-UPDATE","message":"Time updating","data":{"timeLeft":7188}}
2025-02-02 12:53:11 [Thread-0] INFO  a.dispatchers.MessageDispatcher - Extracted message type: TIME-UPDATE
2025-02-02 12:53:11 [Thread-0] INFO  auction.handlers.TimeUpdate - Processing time update message: {"status":"TIME-UPDATE","message":"Time updating","data":{"timeLeft":7188}}
2025-02-02 12:53:12 [Thread-1] INFO  auction.services.MulticastService - Message received: {"status":"TIME-UPDATE","message":"Time updating","data":{"timeLeft":7187}}
2025-02-02 12:53:12 [Thread-1] INFO  auction.services.MulticastService - Waiting for multicast message...
2025-02-02 12:53:12 [Thread-0] INFO  a.dispatchers.MessageDispatcher - Dispatching message: {"status":"TIME-UPDATE","message":"Time updating","data":{"timeLeft":7187}}
2025-02-02 12:53:12 [Thread-0] INFO  a.dispatchers.MessageDispatcher - Extracted message type: TIME-UPDATE
2025-02-02 12:53:12 [Thread-0] INFO  auction.handlers.TimeUpdate - Processing time update message: {"status":"TIME-UPDATE","message":"Time updating","data":{"timeLeft":7187}}
2025-02-02 12:53:13 [Thread-1] INFO  auction.services.MulticastService - Message received: {"status":"TIME-UPDATE","message":"Time updating","data":{"timeLeft":7186}}
2025-02-02 12:53:13 [Thread-1] INFO  auction.services.MulticastService - Waiting for multicast message...
2025-02-02 12:53:13 [Thread-0] INFO  a.dispatchers.MessageDispatcher - Dispatching message: {"status":"TIME-UPDATE","message":"Time updating","data":{"timeLeft":7186}}
2025-02-02 12:53:13 [Thread-0] INFO  a.dispatchers.MessageDispatcher - Extracted message type: TIME-UPDATE
2025-02-02 12:53:13 [Thread-0] INFO  auction.handlers.TimeUpdate - Processing time update message: {"status":"TIME-UPDATE","message":"Time updating","data":{"timeLeft":7186}}
2025-02-02 12:53:14 [Thread-1] INFO  auction.services.MulticastService - Message received: {"status":"TIME-UPDATE","message":"Time updating","data":{"timeLeft":7185}}
2025-02-02 12:53:14 [Thread-1] INFO  auction.services.MulticastService - Waiting for multicast message...
2025-02-02 12:53:14 [Thread-0] INFO  a.dispatchers.MessageDispatcher - Dispatching message: {"status":"TIME-UPDATE","message":"Time updating","data":{"timeLeft":7185}}
2025-02-02 12:53:14 [Thread-0] INFO  a.dispatchers.MessageDispatcher - Extracted message type: TIME-UPDATE
2025-02-02 12:53:14 [Thread-0] INFO  auction.handlers.TimeUpdate - Processing time update message: {"status":"TIME-UPDATE","message":"Time updating","data":{"timeLeft":7185}}
2025-02-02 12:53:15 [Thread-1] INFO  auction.services.MulticastService - Message received: {"status":"TIME-UPDATE","message":"Time updating","data":{"timeLeft":7184}}
2025-02-02 12:53:15 [Thread-1] INFO  auction.services.MulticastService - Waiting for multicast message...
2025-02-02 12:53:15 [Thread-0] INFO  a.dispatchers.MessageDispatcher - Dispatching message: {"status":"TIME-UPDATE","message":"Time updating","data":{"timeLeft":7184}}
2025-02-02 12:53:15 [Thread-0] INFO  a.dispatchers.MessageDispatcher - Extracted message type: TIME-UPDATE
2025-02-02 12:53:15 [Thread-0] INFO  auction.handlers.TimeUpdate - Processing time update message: {"status":"TIME-UPDATE","message":"Time updating","data":{"timeLeft":7184}}
2025-02-02 12:53:16 [Thread-1] INFO  auction.services.MulticastService - Message received: {"status":"TIME-UPDATE","message":"Time updating","data":{"timeLeft":7183}}
2025-02-02 12:53:16 [Thread-1] INFO  auction.services.MulticastService - Waiting for multicast message...
2025-02-02 12:53:16 [Thread-0] INFO  a.dispatchers.MessageDispatcher - Dispatching message: {"status":"TIME-UPDATE","message":"Time updating","data":{"timeLeft":7183}}
2025-02-02 12:53:16 [Thread-0] INFO  a.dispatchers.MessageDispatcher - Extracted message type: TIME-UPDATE
2025-02-02 12:53:16 [Thread-0] INFO  auction.handlers.TimeUpdate - Processing time update message: {"status":"TIME-UPDATE","message":"Time updating","data":{"timeLeft":7183}}
2025-02-02 12:53:17 [Thread-1] INFO  auction.services.MulticastService - Message received: {"status":"TIME-UPDATE","message":"Time updating","data":{"timeLeft":7182}}
2025-02-02 12:53:17 [Thread-1] INFO  auction.services.MulticastService - Waiting for multicast message...
2025-02-02 12:53:17 [Thread-0] INFO  a.dispatchers.MessageDispatcher - Dispatching message: {"status":"TIME-UPDATE","message":"Time updating","data":{"timeLeft":7182}}
2025-02-02 12:53:17 [Thread-0] INFO  a.dispatchers.MessageDispatcher - Extracted message type: TIME-UPDATE
2025-02-02 12:53:17 [Thread-0] INFO  auction.handlers.TimeUpdate - Processing time update message: {"status":"TIME-UPDATE","message":"Time updating","data":{"timeLeft":7182}}
2025-02-02 12:53:18 [Thread-1] INFO  auction.services.MulticastService - Message received: {"status":"TIME-UPDATE","message":"Time updating","data":{"timeLeft":7181}}
2025-02-02 12:53:18 [Thread-1] INFO  auction.services.MulticastService - Waiting for multicast message...
2025-02-02 12:53:18 [Thread-0] INFO  a.dispatchers.MessageDispatcher - Dispatching message: {"status":"TIME-UPDATE","message":"Time updating","data":{"timeLeft":7181}}
2025-02-02 12:53:18 [Thread-0] INFO  a.dispatchers.MessageDispatcher - Extracted message type: TIME-UPDATE
2025-02-02 12:53:18 [Thread-0] INFO  auction.handlers.TimeUpdate - Processing time update message: {"status":"TIME-UPDATE","message":"Time updating","data":{"timeLeft":7181}}
2025-02-02 12:53:19 [Thread-1] INFO  auction.services.MulticastService - Message received: {"status":"TIME-UPDATE","message":"Time updating","data":{"timeLeft":7180}}
2025-02-02 12:53:19 [Thread-1] INFO  auction.services.MulticastService - Waiting for multicast message...
2025-02-02 12:53:19 [Thread-0] INFO  a.dispatchers.MessageDispatcher - Dispatching message: {"status":"TIME-UPDATE","message":"Time updating","data":{"timeLeft":7180}}
2025-02-02 12:53:19 [Thread-0] INFO  a.dispatchers.MessageDispatcher - Extracted message type: TIME-UPDATE
2025-02-02 12:53:19 [Thread-0] INFO  auction.handlers.TimeUpdate - Processing time update message: {"status":"TIME-UPDATE","message":"Time updating","data":{"timeLeft":7180}}
2025-02-02 12:53:20 [Thread-1] INFO  auction.services.MulticastService - Message received: {"status":"TIME-UPDATE","message":"Time updating","data":{"timeLeft":7179}}
2025-02-02 12:53:20 [Thread-1] INFO  auction.services.MulticastService - Waiting for multicast message...
2025-02-02 12:53:20 [Thread-0] INFO  a.dispatchers.MessageDispatcher - Dispatching message: {"status":"TIME-UPDATE","message":"Time updating","data":{"timeLeft":7179}}
2025-02-02 12:53:20 [Thread-0] INFO  a.dispatchers.MessageDispatcher - Extracted message type: TIME-UPDATE
2025-02-02 12:53:20 [Thread-0] INFO  auction.handlers.TimeUpdate - Processing time update message: {"status":"TIME-UPDATE","message":"Time updating","data":{"timeLeft":7179}}
2025-02-02 12:53:21 [Thread-1] INFO  auction.services.MulticastService - Message received: {"status":"TIME-UPDATE","message":"Time updating","data":{"timeLeft":7178}}
2025-02-02 12:53:21 [Thread-1] INFO  auction.services.MulticastService - Waiting for multicast message...
2025-02-02 12:53:21 [Thread-0] INFO  a.dispatchers.MessageDispatcher - Dispatching message: {"status":"TIME-UPDATE","message":"Time updating","data":{"timeLeft":7178}}
2025-02-02 12:53:21 [Thread-0] INFO  a.dispatchers.MessageDispatcher - Extracted message type: TIME-UPDATE
2025-02-02 12:53:21 [Thread-0] INFO  auction.handlers.TimeUpdate - Processing time update message: {"status":"TIME-UPDATE","message":"Time updating","data":{"timeLeft":7178}}
2025-02-02 12:53:22 [Thread-1] INFO  auction.services.MulticastService - Message received: {"status":"TIME-UPDATE","message":"Time updating","data":{"timeLeft":7177}}
2025-02-02 12:53:22 [Thread-1] INFO  auction.services.MulticastService - Waiting for multicast message...
2025-02-02 12:53:22 [Thread-0] INFO  a.dispatchers.MessageDispatcher - Dispatching message: {"status":"TIME-UPDATE","message":"Time updating","data":{"timeLeft":7177}}
2025-02-02 12:53:22 [Thread-0] INFO  a.dispatchers.MessageDispatcher - Extracted message type: TIME-UPDATE
2025-02-02 12:53:22 [Thread-0] INFO  auction.handlers.TimeUpdate - Processing time update message: {"status":"TIME-UPDATE","message":"Time updating","data":{"timeLeft":7177}}
2025-02-02 12:53:23 [Thread-1] INFO  auction.services.MulticastService - Message received: {"status":"TIME-UPDATE","message":"Time updating","data":{"timeLeft":7176}}
2025-02-02 12:53:23 [Thread-1] INFO  auction.services.MulticastService - Waiting for multicast message...
2025-02-02 12:53:23 [Thread-0] INFO  a.dispatchers.MessageDispatcher - Dispatching message: {"status":"TIME-UPDATE","message":"Time updating","data":{"timeLeft":7176}}
2025-02-02 12:53:23 [Thread-0] INFO  a.dispatchers.MessageDispatcher - Extracted message type: TIME-UPDATE
2025-02-02 12:53:23 [Thread-0] INFO  auction.handlers.TimeUpdate - Processing time update message: {"status":"TIME-UPDATE","message":"Time updating","data":{"timeLeft":7176}}
2025-02-02 12:53:24 [Thread-1] INFO  auction.services.MulticastService - Message received: {"status":"TIME-UPDATE","message":"Time updating","data":{"timeLeft":7175}}
2025-02-02 12:53:24 [Thread-1] INFO  auction.services.MulticastService - Waiting for multicast message...
2025-02-02 12:53:24 [Thread-0] INFO  a.dispatchers.MessageDispatcher - Dispatching message: {"status":"TIME-UPDATE","message":"Time updating","data":{"timeLeft":7175}}
2025-02-02 12:53:24 [Thread-0] INFO  a.dispatchers.MessageDispatcher - Extracted message type: TIME-UPDATE
2025-02-02 12:53:24 [Thread-0] INFO  auction.handlers.TimeUpdate - Processing time update message: {"status":"TIME-UPDATE","message":"Time updating","data":{"timeLeft":7175}}
2025-02-02 12:53:25 [Thread-1] INFO  auction.services.MulticastService - Message received: {"status":"TIME-UPDATE","message":"Time updating","data":{"timeLeft":7174}}
2025-02-02 12:53:25 [Thread-1] INFO  auction.services.MulticastService - Waiting for multicast message...
2025-02-02 12:53:25 [Thread-0] INFO  a.dispatchers.MessageDispatcher - Dispatching message: {"status":"TIME-UPDATE","message":"Time updating","data":{"timeLeft":7174}}
2025-02-02 12:53:25 [Thread-0] INFO  a.dispatchers.MessageDispatcher - Extracted message type: TIME-UPDATE
2025-02-02 12:53:25 [Thread-0] INFO  auction.handlers.TimeUpdate - Processing time update message: {"status":"TIME-UPDATE","message":"Time updating","data":{"timeLeft":7174}}
2025-02-02 12:53:26 [Thread-1] INFO  auction.services.MulticastService - Message received: {"status":"TIME-UPDATE","message":"Time updating","data":{"timeLeft":7173}}
2025-02-02 12:53:26 [Thread-1] INFO  auction.services.MulticastService - Waiting for multicast message...
2025-02-02 12:53:26 [Thread-0] INFO  a.dispatchers.MessageDispatcher - Dispatching message: {"status":"TIME-UPDATE","message":"Time updating","data":{"timeLeft":7173}}
2025-02-02 12:53:26 [Thread-0] INFO  a.dispatchers.MessageDispatcher - Extracted message type: TIME-UPDATE
2025-02-02 12:53:26 [Thread-0] INFO  auction.handlers.TimeUpdate - Processing time update message: {"status":"TIME-UPDATE","message":"Time updating","data":{"timeLeft":7173}}
2025-02-02 12:53:27 [Thread-1] INFO  auction.services.MulticastService - Message received: {"status":"TIME-UPDATE","message":"Time updating","data":{"timeLeft":7172}}
2025-02-02 12:53:27 [Thread-1] INFO  auction.services.MulticastService - Waiting for multicast message...
2025-02-02 12:53:27 [Thread-0] INFO  a.dispatchers.MessageDispatcher - Dispatching message: {"status":"TIME-UPDATE","message":"Time updating","data":{"timeLeft":7172}}
2025-02-02 12:53:27 [Thread-0] INFO  a.dispatchers.MessageDispatcher - Extracted message type: TIME-UPDATE
2025-02-02 12:53:27 [Thread-0] INFO  auction.handlers.TimeUpdate - Processing time update message: {"status":"TIME-UPDATE","message":"Time updating","data":{"timeLeft":7172}}
2025-02-02 12:53:28 [Thread-1] INFO  auction.services.MulticastService - Message received: {"status":"TIME-UPDATE","message":"Time updating","data":{"timeLeft":7171}}
2025-02-02 12:53:28 [Thread-1] INFO  auction.services.MulticastService - Waiting for multicast message...
2025-02-02 12:53:28 [Thread-0] INFO  a.dispatchers.MessageDispatcher - Dispatching message: {"status":"TIME-UPDATE","message":"Time updating","data":{"timeLeft":7171}}
2025-02-02 12:53:28 [Thread-0] INFO  a.dispatchers.MessageDispatcher - Extracted message type: TIME-UPDATE
2025-02-02 12:53:28 [Thread-0] INFO  auction.handlers.TimeUpdate - Processing time update message: {"status":"TIME-UPDATE","message":"Time updating","data":{"timeLeft":7171}}
2025-02-02 12:53:29 [Thread-1] INFO  auction.services.MulticastService - Message received: {"status":"TIME-UPDATE","message":"Time updating","data":{"timeLeft":7170}}
2025-02-02 12:53:29 [Thread-1] INFO  auction.services.MulticastService - Waiting for multicast message...
2025-02-02 12:53:29 [Thread-0] INFO  a.dispatchers.MessageDispatcher - Dispatching message: {"status":"TIME-UPDATE","message":"Time updating","data":{"timeLeft":7170}}
2025-02-02 12:53:29 [Thread-0] INFO  a.dispatchers.MessageDispatcher - Extracted message type: TIME-UPDATE
2025-02-02 12:53:29 [Thread-0] INFO  auction.handlers.TimeUpdate - Processing time update message: {"status":"TIME-UPDATE","message":"Time updating","data":{"timeLeft":7170}}
2025-02-02 12:53:30 [Thread-1] INFO  auction.services.MulticastService - Message received: {"status":"TIME-UPDATE","message":"Time updating","data":{"timeLeft":7169}}
2025-02-02 12:53:30 [Thread-1] INFO  auction.services.MulticastService - Waiting for multicast message...
2025-02-02 12:53:30 [Thread-0] INFO  a.dispatchers.MessageDispatcher - Dispatching message: {"status":"TIME-UPDATE","message":"Time updating","data":{"timeLeft":7169}}
2025-02-02 12:53:30 [Thread-0] INFO  a.dispatchers.MessageDispatcher - Extracted message type: TIME-UPDATE
2025-02-02 12:53:30 [Thread-0] INFO  auction.handlers.TimeUpdate - Processing time update message: {"status":"TIME-UPDATE","message":"Time updating","data":{"timeLeft":7169}}
2025-02-02 12:53:31 [Thread-1] INFO  auction.services.MulticastService - Message received: {"status":"TIME-UPDATE","message":"Time updating","data":{"timeLeft":7168}}
2025-02-02 12:53:31 [Thread-1] INFO  auction.services.MulticastService - Waiting for multicast message...
2025-02-02 12:53:31 [Thread-0] INFO  a.dispatchers.MessageDispatcher - Dispatching message: {"status":"TIME-UPDATE","message":"Time updating","data":{"timeLeft":7168}}
2025-02-02 12:53:31 [Thread-0] INFO  a.dispatchers.MessageDispatcher - Extracted message type: TIME-UPDATE
2025-02-02 12:53:31 [Thread-0] INFO  auction.handlers.TimeUpdate - Processing time update message: {"status":"TIME-UPDATE","message":"Time updating","data":{"timeLeft":7168}}
2025-02-02 12:53:32 [Thread-1] INFO  auction.services.MulticastService - Message received: {"status":"TIME-UPDATE","message":"Time updating","data":{"timeLeft":7167}}
2025-02-02 12:53:32 [Thread-1] INFO  auction.services.MulticastService - Waiting for multicast message...
2025-02-02 12:53:32 [Thread-0] INFO  a.dispatchers.MessageDispatcher - Dispatching message: {"status":"TIME-UPDATE","message":"Time updating","data":{"timeLeft":7167}}
2025-02-02 12:53:32 [Thread-0] INFO  a.dispatchers.MessageDispatcher - Extracted message type: TIME-UPDATE
2025-02-02 12:53:32 [Thread-0] INFO  auction.handlers.TimeUpdate - Processing time update message: {"status":"TIME-UPDATE","message":"Time updating","data":{"timeLeft":7167}}
2025-02-02 12:53:33 [Thread-1] INFO  auction.services.MulticastService - Message received: {"status":"TIME-UPDATE","message":"Time updating","data":{"timeLeft":7166}}
2025-02-02 12:53:33 [Thread-1] INFO  auction.services.MulticastService - Waiting for multicast message...
2025-02-02 12:53:33 [Thread-0] INFO  a.dispatchers.MessageDispatcher - Dispatching message: {"status":"TIME-UPDATE","message":"Time updating","data":{"timeLeft":7166}}
2025-02-02 12:53:33 [Thread-0] INFO  a.dispatchers.MessageDispatcher - Extracted message type: TIME-UPDATE
2025-02-02 12:53:33 [Thread-0] INFO  auction.handlers.TimeUpdate - Processing time update message: {"status":"TIME-UPDATE","message":"Time updating","data":{"timeLeft":7166}}
2025-02-02 12:53:34 [Thread-1] INFO  auction.services.MulticastService - Message received: {"status":"TIME-UPDATE","message":"Time updating","data":{"timeLeft":7165}}
2025-02-02 12:53:34 [Thread-1] INFO  auction.services.MulticastService - Waiting for multicast message...
2025-02-02 12:53:34 [Thread-0] INFO  a.dispatchers.MessageDispatcher - Dispatching message: {"status":"TIME-UPDATE","message":"Time updating","data":{"timeLeft":7165}}
2025-02-02 12:53:34 [Thread-0] INFO  a.dispatchers.MessageDispatcher - Extracted message type: TIME-UPDATE
2025-02-02 12:53:34 [Thread-0] INFO  auction.handlers.TimeUpdate - Processing time update message: {"status":"TIME-UPDATE","message":"Time updating","data":{"timeLeft":7165}}
